\BOOKMARK [0][-]{section*.5}{\376\377\000L\000i\000s\000t\000\040\000o\000f\000\040\000T\000a\000b\000l\000e\000s}{}% 1
\BOOKMARK [0][-]{section*.6}{\376\377\000L\000i\000s\000t\000\040\000o\000f\000\040\000F\000i\000g\000u\000r\000e\000s}{}% 2
\BOOKMARK [0][-]{chapter.1}{\376\377\000I\000n\000t\000r\000o\000d\000u\000c\000t\000i\000o\000n\000\040\000a\000n\000d\000\040\000M\000o\000t\000i\000v\000a\000t\000i\000o\000n}{}% 3
\BOOKMARK [1][-]{subsection.1.0.1}{\376\377\000A\000\040\000R\000e\000n\000e\000w\000e\000d\000\040\000I\000n\000t\000e\000r\000e\000s\000t\000\040\000i\000n\000\040\000W\000i\000n\000d\000\040\000P\000r\000o\000p\000u\000l\000t\000i\000o\000n}{chapter.1}% 4
\BOOKMARK [2][-]{subsection.1.0.2}{\376\377\000R\000e\000i\000n\000f\000o\000r\000c\000e\000m\000e\000n\000t\000\040\000L\000e\000a\000r\000n\000i\000n\000g\000\040\000f\000o\000r\000\040\000A\000u\000t\000o\000n\000o\000m\000o\000u\000s\000\040\000C\000o\000n\000t\000r\000o\000l}{subsection.1.0.1}% 5
\BOOKMARK [0][-]{chapter.2}{\376\377\000B\000a\000c\000k\000g\000r\000o\000u\000n\000d}{}% 6
\BOOKMARK [1][-]{section.2.1}{\376\377\000R\000e\000i\000n\000f\000o\000r\000c\000e\000m\000e\000n\000t\000\040\000L\000e\000a\000r\000n\000i\000n\000g\000\040\000\050\000R\000L\000\051}{chapter.2}% 7
\BOOKMARK [2][-]{subsection.2.1.1}{\376\377\000I\000n\000t\000r\000o\000d\000u\000c\000t\000i\000o\000n\000\040\000t\000o\000\040\000R\000L}{section.2.1}% 8
\BOOKMARK [2][-]{subsection.2.1.2}{\376\377\000A\000p\000p\000l\000i\000c\000a\000t\000i\000o\000n\000\040\000o\000f\000\040\000R\000L}{section.2.1}% 9
\BOOKMARK [1][-]{section.2.2}{\376\377\000R\000e\000l\000a\000t\000e\000d\000\040\000W\000o\000r\000k}{chapter.2}% 10
\BOOKMARK [2][-]{subsection.2.2.1}{\376\377\000A\000u\000t\000o\000n\000o\000m\000o\000u\000s\000\040\000C\000o\000n\000t\000r\000o\000l\000\040\000o\000f\000\040\000K\000i\000t\000e\000-\000P\000o\000w\000e\000r\000e\000d\000\040\000V\000e\000s\000s\000e\000l\000s}{section.2.2}% 11
\BOOKMARK [2][-]{subsection.2.2.2}{\376\377\000L\000i\000m\000i\000t\000a\000t\000i\000o\000n\000s\000\040\000a\000n\000d\000\040\000C\000h\000a\000l\000l\000e\000n\000g\000e\000s}{section.2.2}% 12
\BOOKMARK [0][-]{chapter.3}{\376\377\000M\000e\000t\000h\000o\000d\000o\000l\000o\000g\000y}{}% 13
\BOOKMARK [1][-]{section.3.1}{\376\377\000A\000\040\000S\000i\000m\000u\000l\000a\000t\000i\000o\000n\000\040\000E\000n\000v\000i\000r\000o\000n\000m\000e\000n\000t}{chapter.3}% 14
\BOOKMARK [1][-]{section.3.2}{\376\377\000T\000r\000a\000i\000n\000i\000n\000g\000\040\000E\000n\000v\000i\000r\000o\000n\000m\000e\000n\000t}{chapter.3}% 15
\BOOKMARK [2][-]{subsection.3.2.1}{\376\377\000B\000u\000o\000y\000a\000n\000c\000y}{section.3.2}% 16
\BOOKMARK [2][-]{subsection.3.2.2}{\376\377\000R\000u\000d\000d\000e\000r}{section.3.2}% 17
\BOOKMARK [2][-]{subsection.3.2.3}{\376\377\000C\000o\000u\000r\000s\000e\000\040\000G\000e\000n\000e\000r\000a\000t\000i\000o\000n}{section.3.2}% 18
\BOOKMARK [2][-]{subsection.3.2.4}{\376\377\000M\000a\000r\000k\000\040\000R\000o\000u\000n\000d\000i\000n\000g\000s}{section.3.2}% 19
\BOOKMARK [1][-]{section.3.3}{\376\377\000M\000L\000A\000g\000e\000n\000t\000s}{chapter.3}% 20
\BOOKMARK [1][-]{section.3.4}{\376\377\000T\000h\000e\000\040\000B\000o\000a\000t\000\040\000A\000g\000e\000n\000t}{chapter.3}% 21
\BOOKMARK [1][-]{section.3.5}{\376\377\000I\000n\000i\000t\000i\000a\000l\000\040\000T\000r\000a\000i\000n\000i\000n\000g}{chapter.3}% 22
\BOOKMARK [1][-]{section.3.6}{\376\377\000O\000p\000t\000i\000m\000i\000z\000a\000t\000i\000o\000n}{chapter.3}% 23
\BOOKMARK [0][-]{appendix.A}{\376\377\000A\000p\000p\000e\000n\000d\000i\000x\000\040\000A}{}% 24
\BOOKMARK [0][-]{appendix*.8}{\376\377\000B\000i\000b\000l\000i\000o\000g\000r\000a\000p\000h\000y}{}% 25
