Mono path[0] = '/home/joshua/Documents/Unity/ai_kite/Builds/build4_Data/Managed'
Mono config path = '/home/joshua/Documents/Unity/ai_kite/Builds/build4_Data/MonoBleedingEdge/etc'
Preloaded 'lib_burst_generated.so'
Preloaded 'libgrpc_csharp_ext.x64.so'
[Physics::Module] Initialized MultithreadedJobDispatcher with 15 workers.
Initialize engine version: 2023.2.0b9 (130cc5e39ab5)
[Subsystems] Discovering subsystems at path /home/joshua/Documents/Unity/ai_kite/Builds/build4_Data/UnitySubsystems
Forcing GfxDevice: Null
GfxDevice: creating device client; kGfxThreadingModeNonThreaded
NullGfxDevice:
    Version:  NULL 1.0 [1.0]
    Renderer: Null Device
    Vendor:   Unity Technologies
Begin MonoManager ReloadAssembly
icall.c:1842:
icall.c:1842:
icall.c:1842:
icall.c:1842:
icall.c:1842:
icall.c:1842:
icall.c:1842:
icall.c:1842:
icall.c:1842:
- Loaded All Assemblies, in  0.175 seconds
icall.c:1842:
icall.c:1842:
- Finished resetting the current domain, in  0.004 seconds
WARNING: Shader Unsupported: 'Hidden/HDRP/FallbackError' - All subshaders removed
WARNING: Shader Did you use #pragma only_renderers and omit this platform?
WARNING: Shader If subshaders removal was intentional, you may have forgotten turning Fallback off?
ERROR: Shader Hidden/HDRP/FallbackError shader is not supported on this GPU (none of subshaders/fallbacks are suitable)
WARNING: Shader Unsupported: 'Hidden/HDRP/FallbackError' - All subshaders removed
WARNING: Shader Did you use #pragma only_renderers and omit this platform?
WARNING: Shader If subshaders removal was intentional, you may have forgotten turning Fallback off?
WARNING: Shader Unsupported: 'HDRP/Lit' - All subshaders removed
WARNING: Shader Did you use #pragma only_renderers and omit this platform?
WARNING: Shader If subshaders removal was intentional, you may have forgotten turning Fallback off?
ERROR: Shader HDRP/Lit shader is not supported on this GPU (none of subshaders/fallbacks are suitable)
WARNING: Shader Unsupported: 'HDRP/Lit' - All subshaders removed
WARNING: Shader Did you use #pragma only_renderers and omit this platform?
WARNING: Shader If subshaders removal was intentional, you may have forgotten turning Fallback off?
ERROR: Shader Hidden/HDRP/DebugLightVolumes shader is not supported on this GPU (none of subshaders/fallbacks are suitable)
WARNING: Shader Unsupported: 'Hidden/HDRP/MaterialError' - All subshaders removed
WARNING: Shader Did you use #pragma only_renderers and omit this platform?
WARNING: Shader If subshaders removal was intentional, you may have forgotten turning Fallback off?
ERROR: Shader Hidden/HDRP/MaterialError shader is not supported on this GPU (none of subshaders/fallbacks are suitable)
WARNING: Shader Unsupported: 'Hidden/HDRP/MaterialError' - All subshaders removed
WARNING: Shader Did you use #pragma only_renderers and omit this platform?
WARNING: Shader If subshaders removal was intentional, you may have forgotten turning Fallback off?
ERROR: Shader Hidden/PostProcessing/Debug/Waveform shader is not supported on this GPU (none of subshaders/fallbacks are suitable)
ERROR: Shader Hidden/PostProcessing/Debug/Vectorscope shader is not supported on this GPU (none of subshaders/fallbacks are suitable)
ERROR: Shader Hidden/HDRP/ProbeVolumeDebug shader is not supported on this GPU (none of subshaders/fallbacks are suitable)
ERROR: Shader Hidden/HDRP/ProbeVolumeSamplingDebug shader is not supported on this GPU (none of subshaders/fallbacks are suitable)
ERROR: Shader Hidden/HDRP/ProbeVolumeOffsetDebug shader is not supported on this GPU (none of subshaders/fallbacks are suitable)
ERROR: Shader Hidden/HDRP/CameraMotionVectors shader is not supported on this GPU (none of subshaders/fallbacks are suitable)
ERROR: Shader Hidden/HDRP/CustomPassRenderersUtils shader is not supported on this GPU (none of subshaders/fallbacks are suitable)
ERROR: Shader Hidden/HDRP/OpaqueAtmosphericScattering shader is not supported on this GPU (none of subshaders/fallbacks are suitable)
WARNING: Shader Unsupported: 'Shader Graphs/Water' - All subshaders removed
WARNING: Shader Did you use #pragma only_renderers and omit this platform?
WARNING: Shader If subshaders removal was intentional, you may have forgotten turning Fallback off?
ERROR: Shader Shader Graphs/Water shader is not supported on this GPU (none of subshaders/fallbacks are suitable)
WARNING: Shader Unsupported: 'Shader Graphs/Water' - All subshaders removed
WARNING: Shader Did you use #pragma only_renderers and omit this platform?
WARNING: Shader If subshaders removal was intentional, you may have forgotten turning Fallback off?
ERROR: Shader Hidden/HDRP/GGXConvolve shader is not supported on this GPU (none of subshaders/fallbacks are suitable)
ERROR: Shader Renderers/Thickness shader is not supported on this GPU (none of subshaders/fallbacks are suitable)
ERROR: Shader Hidden/HDRP/FinalPass shader is not supported on this GPU (none of subshaders/fallbacks are suitable)
ERROR: Shader Hidden/PostProcessing/SubpixelMorphologicalAntialiasing shader is not supported on this GPU (none of subshaders/fallbacks are suitable)
ERROR: Shader Hidden/HDRP/LensFlareDataDriven shader is not supported on this GPU (none of subshaders/fallbacks are suitable)
ERROR: Shader Hidden/HDRP/LensFlareScreenSpace shader is not supported on this GPU (none of subshaders/fallbacks are suitable)
WARNING: Shader Unsupported: 'Shader Graphs/SolidColor' - All subshaders removed
WARNING: Shader Did you use #pragma only_renderers and omit this platform?
WARNING: Shader If subshaders removal was intentional, you may have forgotten turning Fallback off?
ERROR: Shader Shader Graphs/SolidColor shader is not supported on this GPU (none of subshaders/fallbacks are suitable)
WARNING: Shader Unsupported: 'Shader Graphs/SolidColor' - All subshaders removed
WARNING: Shader Did you use #pragma only_renderers and omit this platform?
WARNING: Shader If subshaders removal was intentional, you may have forgotten turning Fallback off?
WARNING: Shader Unsupported: 'HDRP/DefaultFogVolume' - All subshaders removed
WARNING: Shader Did you use #pragma only_renderers and omit this platform?
WARNING: Shader If subshaders removal was intentional, you may have forgotten turning Fallback off?
ERROR: Shader HDRP/DefaultFogVolume shader is not supported on this GPU (none of subshaders/fallbacks are suitable)
WARNING: Shader Unsupported: 'HDRP/DefaultFogVolume' - All subshaders removed
WARNING: Shader Did you use #pragma only_renderers and omit this platform?
WARNING: Shader If subshaders removal was intentional, you may have forgotten turning Fallback off?
WARNING: Shader Unsupported: 'HDRP/Unlit' - All subshaders removed
WARNING: Shader Did you use #pragma only_renderers and omit this platform?
WARNING: Shader If subshaders removal was intentional, you may have forgotten turning Fallback off?
ERROR: Shader HDRP/Unlit shader is not supported on this GPU (none of subshaders/fallbacks are suitable)
WARNING: Shader Unsupported: 'HDRP/Unlit' - All subshaders removed
WARNING: Shader Did you use #pragma only_renderers and omit this platform?
WARNING: Shader If subshaders removal was intentional, you may have forgotten turning Fallback off?
ERROR: Shader Hidden/VoxelizeShader shader is not supported on this GPU (none of subshaders/fallbacks are suitable)
WARNING: Shader Unsupported: 'Shader Graphs/PhysicallyBasedSky' - All subshaders removed
WARNING: Shader Did you use #pragma only_renderers and omit this platform?
WARNING: Shader If subshaders removal was intentional, you may have forgotten turning Fallback off?
ERROR: Shader Shader Graphs/PhysicallyBasedSky shader is not supported on this GPU (none of subshaders/fallbacks are suitable)
WARNING: Shader Unsupported: 'Shader Graphs/PhysicallyBasedSky' - All subshaders removed
WARNING: Shader Did you use #pragma only_renderers and omit this platform?
WARNING: Shader If subshaders removal was intentional, you may have forgotten turning Fallback off?
ERROR: Shader Sprites/Default shader is not supported on this GPU (none of subshaders/fallbacks are suitable)
ERROR: Shader Sprites/Mask shader is not supported on this GPU (none of subshaders/fallbacks are suitable)
ERROR: Shader Legacy Shaders/Particles/Alpha Blended Premultiply shader is not supported on this GPU (none of subshaders/fallbacks are suitable)
ERROR: Shader UI/Default shader is not supported on this GPU (none of subshaders/fallbacks are suitable)
ERROR: Shader GUI/Text Shader shader is not supported on this GPU (none of subshaders/fallbacks are suitable)
UnloadTime: 1.019087 ms
Exception thrown
Object reference not set to an instance of an object
OnEpisodeBegin
Corner cut detected
NullReferenceException: Object reference not set to an instance of an object
  at HudMenu.Update () [0x00000] in <cfbdefe0564f42c28fe3fb1da0857819>:0 

requesting resize 84 x 84
NullReferenceException: Object reference not set to an instance of an object
  at HudMenu.Update () [0x00000] in <cfbdefe0564f42c28fe3fb1da0857819>:0 

NullReferenceException: Object reference not set to an instance of an object
  at HudMenu.Update () [0x00000] in <cfbdefe0564f42c28fe3fb1da0857819>:0 

NullReferenceException: Object reference not set to an instance of an object
  at HudMenu.Update () [0x00000] in <cfbdefe0564f42c28fe3fb1da0857819>:0 

NullReferenceException: Object reference not set to an instance of an object
  at HudMenu.Update () [0x00000] in <cfbdefe0564f42c28fe3fb1da0857819>:0 

NullReferenceException: Object reference not set to an instance of an object
  at HudMenu.Update () [0x00000] in <cfbdefe0564f42c28fe3fb1da0857819>:0 

NullReferenceException: Object reference not set to an instance of an object
  at HudMenu.Update () [0x00000] in <cfbdefe0564f42c28fe3fb1da0857819>:0 

NullReferenceException: Object reference not set to an instance of an object
  at HudMenu.Update () [0x00000] in <cfbdefe0564f42c28fe3fb1da0857819>:0 

NullReferenceException: Object reference not set to an instance of an object
  at HudMenu.Update () [0x00000] in <cfbdefe0564f42c28fe3fb1da0857819>:0 

NullReferenceException: Object reference not set to an instance of an object
  at HudMenu.Update () [0x00000] in <cfbdefe0564f42c28fe3fb1da0857819>:0 

NullReferenceException: Object reference not set to an instance of an object
  at HudMenu.Update () [0x00000] in <cfbdefe0564f42c28fe3fb1da0857819>:0 

NullReferenceException: Object reference not set to an instance of an object
  at HudMenu.Update () [0x00000] in <cfbdefe0564f42c28fe3fb1da0857819>:0 

NullReferenceException: Object reference not set to an instance of an object
  at HudMenu.Update () [0x00000] in <cfbdefe0564f42c28fe3fb1da0857819>:0 

NullReferenceException: Object reference not set to an instance of an object
  at HudMenu.Update () [0x00000] in <cfbdefe0564f42c28fe3fb1da0857819>:0 

OnEpisodeBegin
NullReferenceException: Object reference not set to an instance of an object
  at HudMenu.Update () [0x00000] in <cfbdefe0564f42c28fe3fb1da0857819>:0 

NullReferenceException: Object reference not set to an instance of an object
  at HudMenu.Update () [0x00000] in <cfbdefe0564f42c28fe3fb1da0857819>:0 

NullReferenceException: Object reference not set to an instance of an object
  at HudMenu.Update () [0x00000] in <cfbdefe0564f42c28fe3fb1da0857819>:0 

NullReferenceException: Object reference not set to an instance of an object
  at HudMenu.Update () [0x00000] in <cfbdefe0564f42c28fe3fb1da0857819>:0 

NullReferenceException: Object reference not set to an instance of an object
  at HudMenu.Update () [0x00000] in <cfbdefe0564f42c28fe3fb1da0857819>:0 

NullReferenceException: Object reference not set to an instance of an object
  at HudMenu.Update () [0x00000] in <cfbdefe0564f42c28fe3fb1da0857819>:0 

NullReferenceException: Object reference not set to an instance of an object
  at HudMenu.Update () [0x00000] in <cfbdefe0564f42c28fe3fb1da0857819>:0 

NullReferenceException: Object reference not set to an instance of an object
  at HudMenu.Update () [0x00000] in <cfbdefe0564f42c28fe3fb1da0857819>:0 

NullReferenceException: Object reference not set to an instance of an object
  at HudMenu.Update () [0x00000] in <cfbdefe0564f42c28fe3fb1da0857819>:0 

NullReferenceException: Object reference not set to an instance of an object
  at HudMenu.Update () [0x00000] in <cfbdefe0564f42c28fe3fb1da0857819>:0 

NullReferenceException: Object reference not set to an instance of an object
  at HudMenu.Update () [0x00000] in <cfbdefe0564f42c28fe3fb1da0857819>:0 

NullReferenceException: Object reference not set to an instance of an object
  at HudMenu.Update () [0x00000] in <cfbdefe0564f42c28fe3fb1da0857819>:0 

NullReferenceException: Object reference not set to an instance of an object
  at HudMenu.Update () [0x00000] in <cfbdefe0564f42c28fe3fb1da0857819>:0 

NullReferenceException: Object reference not set to an instance of an object
  at HudMenu.Update () [0x00000] in <cfbdefe0564f42c28fe3fb1da0857819>:0 

NullReferenceException: Object reference not set to an instance of an object
  at HudMenu.Update () [0x00000] in <cfbdefe0564f42c28fe3fb1da0857819>:0 

NullReferenceException: Object reference not set to an instance of an object
  at HudMenu.Update () [0x00000] in <cfbdefe0564f42c28fe3fb1da0857819>:0 

NullReferenceException: Object reference not set to an instance of an object
  at HudMenu.Update () [0x00000] in <cfbdefe0564f42c28fe3fb1da0857819>:0 

NullReferenceException: Object reference not set to an instance of an object
  at HudMenu.Update () [0x00000] in <cfbdefe0564f42c28fe3fb1da0857819>:0 

NullReferenceException: Object reference not set to an instance of an object
  at HudMenu.Update () [0x00000] in <cfbdefe0564f42c28fe3fb1da0857819>:0 

NullReferenceException: Object reference not set to an instance of an object
  at HudMenu.Update () [0x00000] in <cfbdefe0564f42c28fe3fb1da0857819>:0 

NullReferenceException: Object reference not set to an instance of an object
  at HudMenu.Update () [0x00000] in <cfbdefe0564f42c28fe3fb1da0857819>:0 

NullReferenceException: Object reference not set to an instance of an object
  at HudMenu.Update () [0x00000] in <cfbdefe0564f42c28fe3fb1da0857819>:0 

NullReferenceException: Object reference not set to an instance of an object
  at HudMenu.Update () [0x00000] in <cfbdefe0564f42c28fe3fb1da0857819>:0 

NullReferenceException: Object reference not set to an instance of an object
  at HudMenu.Update () [0x00000] in <cfbdefe0564f42c28fe3fb1da0857819>:0 

NullReferenceException: Object reference not set to an instance of an object
  at HudMenu.Update () [0x00000] in <cfbdefe0564f42c28fe3fb1da0857819>:0 

NullReferenceException: Object reference not set to an instance of an object
  at HudMenu.Update () [0x00000] in <cfbdefe0564f42c28fe3fb1da0857819>:0 

NullReferenceException: Object reference not set to an instance of an object
  at HudMenu.Update () [0x00000] in <cfbdefe0564f42c28fe3fb1da0857819>:0 

NullReferenceException: Object reference not set to an instance of an object
  at HudMenu.Update () [0x00000] in <cfbdefe0564f42c28fe3fb1da0857819>:0 

NullReferenceException: Object reference not set to an instance of an object
  at HudMenu.Update () [0x00000] in <cfbdefe0564f42c28fe3fb1da0857819>:0 

NullReferenceException: Object reference not set to an instance of an object
  at HudMenu.Update () [0x00000] in <cfbdefe0564f42c28fe3fb1da0857819>:0 

NullReferenceException: Object reference not set to an instance of an object
  at HudMenu.Update () [0x00000] in <cfbdefe0564f42c28fe3fb1da0857819>:0 

NullReferenceException: Object reference not set to an instance of an object
  at HudMenu.Update () [0x00000] in <cfbdefe0564f42c28fe3fb1da0857819>:0 

NullReferenceException: Object reference not set to an instance of an object
  at HudMenu.Update () [0x00000] in <cfbdefe0564f42c28fe3fb1da0857819>:0 

NullReferenceException: Object reference not set to an instance of an object
  at HudMenu.Update () [0x00000] in <cfbdefe0564f42c28fe3fb1da0857819>:0 

NullReferenceException: Object reference not set to an instance of an object
  at HudMenu.Update () [0x00000] in <cfbdefe0564f42c28fe3fb1da0857819>:0 

NullReferenceException: Object reference not set to an instance of an object
  at HudMenu.Update () [0x00000] in <cfbdefe0564f42c28fe3fb1da0857819>:0 

NullReferenceException: Object reference not set to an instance of an object
  at HudMenu.Update () [0x00000] in <cfbdefe0564f42c28fe3fb1da0857819>:0 

NullReferenceException: Object reference not set to an instance of an object
  at HudMenu.Update () [0x00000] in <cfbdefe0564f42c28fe3fb1da0857819>:0 

NullReferenceException: Object reference not set to an instance of an object
  at HudMenu.Update () [0x00000] in <cfbdefe0564f42c28fe3fb1da0857819>:0 

NullReferenceException: Object reference not set to an instance of an object
  at HudMenu.Update () [0x00000] in <cfbdefe0564f42c28fe3fb1da0857819>:0 

NullReferenceException: Object reference not set to an instance of an object
  at HudMenu.Update () [0x00000] in <cfbdefe0564f42c28fe3fb1da0857819>:0 

NullReferenceException: Object reference not set to an instance of an object
  at HudMenu.Update () [0x00000] in <cfbdefe0564f42c28fe3fb1da0857819>:0 

NullReferenceException: Object reference not set to an instance of an object
  at HudMenu.Update () [0x00000] in <cfbdefe0564f42c28fe3fb1da0857819>:0 

NullReferenceException: Object reference not set to an instance of an object
  at HudMenu.Update () [0x00000] in <cfbdefe0564f42c28fe3fb1da0857819>:0 

NullReferenceException: Object reference not set to an instance of an object
  at HudMenu.Update () [0x00000] in <cfbdefe0564f42c28fe3fb1da0857819>:0 

NullReferenceException: Object reference not set to an instance of an object
  at HudMenu.Update () [0x00000] in <cfbdefe0564f42c28fe3fb1da0857819>:0 

NullReferenceException: Object reference not set to an instance of an object
  at HudMenu.Update () [0x00000] in <cfbdefe0564f42c28fe3fb1da0857819>:0 

NullReferenceException: Object reference not set to an instance of an object
  at HudMenu.Update () [0x00000] in <cfbdefe0564f42c28fe3fb1da0857819>:0 

NullReferenceException: Object reference not set to an instance of an object
  at HudMenu.Update () [0x00000] in <cfbdefe0564f42c28fe3fb1da0857819>:0 

NullReferenceException: Object reference not set to an instance of an object
  at HudMenu.Update () [0x00000] in <cfbdefe0564f42c28fe3fb1da0857819>:0 

NullReferenceException: Object reference not set to an instance of an object
  at HudMenu.Update () [0x00000] in <cfbdefe0564f42c28fe3fb1da0857819>:0 

NullReferenceException: Object reference not set to an instance of an object
  at HudMenu.Update () [0x00000] in <cfbdefe0564f42c28fe3fb1da0857819>:0 

NullReferenceException: Object reference not set to an instance of an object
  at HudMenu.Update () [0x00000] in <cfbdefe0564f42c28fe3fb1da0857819>:0 

NullReferenceException: Object reference not set to an instance of an object
  at HudMenu.Update () [0x00000] in <cfbdefe0564f42c28fe3fb1da0857819>:0 

NullReferenceException: Object reference not set to an instance of an object
  at HudMenu.Update () [0x00000] in <cfbdefe0564f42c28fe3fb1da0857819>:0 

NullReferenceException: Object reference not set to an instance of an object
  at HudMenu.Update () [0x00000] in <cfbdefe0564f42c28fe3fb1da0857819>:0 

NullReferenceException: Object reference not set to an instance of an object
  at HudMenu.Update () [0x00000] in <cfbdefe0564f42c28fe3fb1da0857819>:0 

NullReferenceException: Object reference not set to an instance of an object
  at HudMenu.Update () [0x00000] in <cfbdefe0564f42c28fe3fb1da0857819>:0 

NullReferenceException: Object reference not set to an instance of an object
  at HudMenu.Update () [0x00000] in <cfbdefe0564f42c28fe3fb1da0857819>:0 

NullReferenceException: Object reference not set to an instance of an object
  at HudMenu.Update () [0x00000] in <cfbdefe0564f42c28fe3fb1da0857819>:0 

NullReferenceException: Object reference not set to an instance of an object
  at HudMenu.Update () [0x00000] in <cfbdefe0564f42c28fe3fb1da0857819>:0 

NullReferenceException: Object reference not set to an instance of an object
  at HudMenu.Update () [0x00000] in <cfbdefe0564f42c28fe3fb1da0857819>:0 

NullReferenceException: Object reference not set to an instance of an object
  at HudMenu.Update () [0x00000] in <cfbdefe0564f42c28fe3fb1da0857819>:0 

NullReferenceException: Object reference not set to an instance of an object
  at HudMenu.Update () [0x00000] in <cfbdefe0564f42c28fe3fb1da0857819>:0 

NullReferenceException: Object reference not set to an instance of an object
  at HudMenu.Update () [0x00000] in <cfbdefe0564f42c28fe3fb1da0857819>:0 

NullReferenceException: Object reference not set to an instance of an object
  at HudMenu.Update () [0x00000] in <cfbdefe0564f42c28fe3fb1da0857819>:0 

NullReferenceException: Object reference not set to an instance of an object
  at HudMenu.Update () [0x00000] in <cfbdefe0564f42c28fe3fb1da0857819>:0 

NullReferenceException: Object reference not set to an instance of an object
  at HudMenu.Update () [0x00000] in <cfbdefe0564f42c28fe3fb1da0857819>:0 

NullReferenceException: Object reference not set to an instance of an object
  at HudMenu.Update () [0x00000] in <cfbdefe0564f42c28fe3fb1da0857819>:0 

NullReferenceException: Object reference not set to an instance of an object
  at HudMenu.Update () [0x00000] in <cfbdefe0564f42c28fe3fb1da0857819>:0 

NullReferenceException: Object reference not set to an instance of an object
  at HudMenu.Update () [0x00000] in <cfbdefe0564f42c28fe3fb1da0857819>:0 

NullReferenceException: Object reference not set to an instance of an object
  at HudMenu.Update () [0x00000] in <cfbdefe0564f42c28fe3fb1da0857819>:0 

NullReferenceException: Object reference not set to an instance of an object
  at HudMenu.Update () [0x00000] in <cfbdefe0564f42c28fe3fb1da0857819>:0 

NullReferenceException: Object reference not set to an instance of an object
  at HudMenu.Update () [0x00000] in <cfbdefe0564f42c28fe3fb1da0857819>:0 

NullReferenceException: Object reference not set to an instance of an object
  at HudMenu.Update () [0x00000] in <cfbdefe0564f42c28fe3fb1da0857819>:0 

NullReferenceException: Object reference not set to an instance of an object
  at HudMenu.Update () [0x00000] in <cfbdefe0564f42c28fe3fb1da0857819>:0 

NullReferenceException: Object reference not set to an instance of an object
  at HudMenu.Update () [0x00000] in <cfbdefe0564f42c28fe3fb1da0857819>:0 

NullReferenceException: Object reference not set to an instance of an object
  at HudMenu.Update () [0x00000] in <cfbdefe0564f42c28fe3fb1da0857819>:0 

NullReferenceException: Object reference not set to an instance of an object
  at HudMenu.Update () [0x00000] in <cfbdefe0564f42c28fe3fb1da0857819>:0 

NullReferenceException: Object reference not set to an instance of an object
  at HudMenu.Update () [0x00000] in <cfbdefe0564f42c28fe3fb1da0857819>:0 

NullReferenceException: Object reference not set to an instance of an object
  at HudMenu.Update () [0x00000] in <cfbdefe0564f42c28fe3fb1da0857819>:0 

NullReferenceException: Object reference not set to an instance of an object
  at HudMenu.Update () [0x00000] in <cfbdefe0564f42c28fe3fb1da0857819>:0 

NullReferenceException: Object reference not set to an instance of an object
  at HudMenu.Update () [0x00000] in <cfbdefe0564f42c28fe3fb1da0857819>:0 

NullReferenceException: Object reference not set to an instance of an object
  at HudMenu.Update () [0x00000] in <cfbdefe0564f42c28fe3fb1da0857819>:0 

NullReferenceException: Object reference not set to an instance of an object
  at HudMenu.Update () [0x00000] in <cfbdefe0564f42c28fe3fb1da0857819>:0 

NullReferenceException: Object reference not set to an instance of an object
  at HudMenu.Update () [0x00000] in <cfbdefe0564f42c28fe3fb1da0857819>:0 

NullReferenceException: Object reference not set to an instance of an object
  at HudMenu.Update () [0x00000] in <cfbdefe0564f42c28fe3fb1da0857819>:0 

NullReferenceException: Object reference not set to an instance of an object
  at HudMenu.Update () [0x00000] in <cfbdefe0564f42c28fe3fb1da0857819>:0 

NullReferenceException: Object reference not set to an instance of an object
  at HudMenu.Update () [0x00000] in <cfbdefe0564f42c28fe3fb1da0857819>:0 

NullReferenceException: Object reference not set to an instance of an object
  at HudMenu.Update () [0x00000] in <cfbdefe0564f42c28fe3fb1da0857819>:0 

NullReferenceException: Object reference not set to an instance of an object
  at HudMenu.Update () [0x00000] in <cfbdefe0564f42c28fe3fb1da0857819>:0 

NullReferenceException: Object reference not set to an instance of an object
  at HudMenu.Update () [0x00000] in <cfbdefe0564f42c28fe3fb1da0857819>:0 

NullReferenceException: Object reference not set to an instance of an object
  at HudMenu.Update () [0x00000] in <cfbdefe0564f42c28fe3fb1da0857819>:0 

NullReferenceException: Object reference not set to an instance of an object
  at HudMenu.Update () [0x00000] in <cfbdefe0564f42c28fe3fb1da0857819>:0 

NullReferenceException: Object reference not set to an instance of an object
  at HudMenu.Update () [0x00000] in <cfbdefe0564f42c28fe3fb1da0857819>:0 

NullReferenceException: Object reference not set to an instance of an object
  at HudMenu.Update () [0x00000] in <cfbdefe0564f42c28fe3fb1da0857819>:0 

NullReferenceException: Object reference not set to an instance of an object
  at HudMenu.Update () [0x00000] in <cfbdefe0564f42c28fe3fb1da0857819>:0 

NullReferenceException: Object reference not set to an instance of an object
  at HudMenu.Update () [0x00000] in <cfbdefe0564f42c28fe3fb1da0857819>:0 

NullReferenceException: Object reference not set to an instance of an object
  at HudMenu.Update () [0x00000] in <cfbdefe0564f42c28fe3fb1da0857819>:0 

NullReferenceException: Object reference not set to an instance of an object
  at HudMenu.Update () [0x00000] in <cfbdefe0564f42c28fe3fb1da0857819>:0 

NullReferenceException: Object reference not set to an instance of an object
  at HudMenu.Update () [0x00000] in <cfbdefe0564f42c28fe3fb1da0857819>:0 

NullReferenceException: Object reference not set to an instance of an object
  at HudMenu.Update () [0x00000] in <cfbdefe0564f42c28fe3fb1da0857819>:0 

NullReferenceException: Object reference not set to an instance of an object
  at HudMenu.Update () [0x00000] in <cfbdefe0564f42c28fe3fb1da0857819>:0 

NullReferenceException: Object reference not set to an instance of an object
  at HudMenu.Update () [0x00000] in <cfbdefe0564f42c28fe3fb1da0857819>:0 

NullReferenceException: Object reference not set to an instance of an object
  at HudMenu.Update () [0x00000] in <cfbdefe0564f42c28fe3fb1da0857819>:0 

NullReferenceException: Object reference not set to an instance of an object
  at HudMenu.Update () [0x00000] in <cfbdefe0564f42c28fe3fb1da0857819>:0 

NullReferenceException: Object reference not set to an instance of an object
  at HudMenu.Update () [0x00000] in <cfbdefe0564f42c28fe3fb1da0857819>:0 

NullReferenceException: Object reference not set to an instance of an object
  at HudMenu.Update () [0x00000] in <cfbdefe0564f42c28fe3fb1da0857819>:0 

NullReferenceException: Object reference not set to an instance of an object
  at HudMenu.Update () [0x00000] in <cfbdefe0564f42c28fe3fb1da0857819>:0 

NullReferenceException: Object reference not set to an instance of an object
  at HudMenu.Update () [0x00000] in <cfbdefe0564f42c28fe3fb1da0857819>:0 

NullReferenceException: Object reference not set to an instance of an object
  at HudMenu.Update () [0x00000] in <cfbdefe0564f42c28fe3fb1da0857819>:0 

NullReferenceException: Object reference not set to an instance of an object
  at HudMenu.Update () [0x00000] in <cfbdefe0564f42c28fe3fb1da0857819>:0 

NullReferenceException: Object reference not set to an instance of an object
  at HudMenu.Update () [0x00000] in <cfbdefe0564f42c28fe3fb1da0857819>:0 

NullReferenceException: Object reference not set to an instance of an object
  at HudMenu.Update () [0x00000] in <cfbdefe0564f42c28fe3fb1da0857819>:0 

NullReferenceException: Object reference not set to an instance of an object
  at HudMenu.Update () [0x00000] in <cfbdefe0564f42c28fe3fb1da0857819>:0 

NullReferenceException: Object reference not set to an instance of an object
  at HudMenu.Update () [0x00000] in <cfbdefe0564f42c28fe3fb1da0857819>:0 

NullReferenceException: Object reference not set to an instance of an object
  at HudMenu.Update () [0x00000] in <cfbdefe0564f42c28fe3fb1da0857819>:0 

NullReferenceException: Object reference not set to an instance of an object
  at HudMenu.Update () [0x00000] in <cfbdefe0564f42c28fe3fb1da0857819>:0 

NullReferenceException: Object reference not set to an instance of an object
  at HudMenu.Update () [0x00000] in <cfbdefe0564f42c28fe3fb1da0857819>:0 

NullReferenceException: Object reference not set to an instance of an object
  at HudMenu.Update () [0x00000] in <cfbdefe0564f42c28fe3fb1da0857819>:0 

NullReferenceException: Object reference not set to an instance of an object
  at HudMenu.Update () [0x00000] in <cfbdefe0564f42c28fe3fb1da0857819>:0 

NullReferenceException: Object reference not set to an instance of an object
  at HudMenu.Update () [0x00000] in <cfbdefe0564f42c28fe3fb1da0857819>:0 

NullReferenceException: Object reference not set to an instance of an object
  at HudMenu.Update () [0x00000] in <cfbdefe0564f42c28fe3fb1da0857819>:0 

NullReferenceException: Object reference not set to an instance of an object
  at HudMenu.Update () [0x00000] in <cfbdefe0564f42c28fe3fb1da0857819>:0 

NullReferenceException: Object reference not set to an instance of an object
  at HudMenu.Update () [0x00000] in <cfbdefe0564f42c28fe3fb1da0857819>:0 

NullReferenceException: Object reference not set to an instance of an object
  at HudMenu.Update () [0x00000] in <cfbdefe0564f42c28fe3fb1da0857819>:0 

NullReferenceException: Object reference not set to an instance of an object
  at HudMenu.Update () [0x00000] in <cfbdefe0564f42c28fe3fb1da0857819>:0 

NullReferenceException: Object reference not set to an instance of an object
  at HudMenu.Update () [0x00000] in <cfbdefe0564f42c28fe3fb1da0857819>:0 

NullReferenceException: Object reference not set to an instance of an object
  at HudMenu.Update () [0x00000] in <cfbdefe0564f42c28fe3fb1da0857819>:0 

NullReferenceException: Object reference not set to an instance of an object
  at HudMenu.Update () [0x00000] in <cfbdefe0564f42c28fe3fb1da0857819>:0 

NullReferenceException: Object reference not set to an instance of an object
  at HudMenu.Update () [0x00000] in <cfbdefe0564f42c28fe3fb1da0857819>:0 

NullReferenceException: Object reference not set to an instance of an object
  at HudMenu.Update () [0x00000] in <cfbdefe0564f42c28fe3fb1da0857819>:0 

NullReferenceException: Object reference not set to an instance of an object
  at HudMenu.Update () [0x00000] in <cfbdefe0564f42c28fe3fb1da0857819>:0 

NullReferenceException: Object reference not set to an instance of an object
  at HudMenu.Update () [0x00000] in <cfbdefe0564f42c28fe3fb1da0857819>:0 

NullReferenceException: Object reference not set to an instance of an object
  at HudMenu.Update () [0x00000] in <cfbdefe0564f42c28fe3fb1da0857819>:0 

NullReferenceException: Object reference not set to an instance of an object
  at HudMenu.Update () [0x00000] in <cfbdefe0564f42c28fe3fb1da0857819>:0 

NullReferenceException: Object reference not set to an instance of an object
  at HudMenu.Update () [0x00000] in <cfbdefe0564f42c28fe3fb1da0857819>:0 

NullReferenceException: Object reference not set to an instance of an object
  at HudMenu.Update () [0x00000] in <cfbdefe0564f42c28fe3fb1da0857819>:0 

NullReferenceException: Object reference not set to an instance of an object
  at HudMenu.Update () [0x00000] in <cfbdefe0564f42c28fe3fb1da0857819>:0 

NullReferenceException: Object reference not set to an instance of an object
  at HudMenu.Update () [0x00000] in <cfbdefe0564f42c28fe3fb1da0857819>:0 

NullReferenceException: Object reference not set to an instance of an object
  at HudMenu.Update () [0x00000] in <cfbdefe0564f42c28fe3fb1da0857819>:0 

NullReferenceException: Object reference not set to an instance of an object
  at HudMenu.Update () [0x00000] in <cfbdefe0564f42c28fe3fb1da0857819>:0 

NullReferenceException: Object reference not set to an instance of an object
  at HudMenu.Update () [0x00000] in <cfbdefe0564f42c28fe3fb1da0857819>:0 

NullReferenceException: Object reference not set to an instance of an object
  at HudMenu.Update () [0x00000] in <cfbdefe0564f42c28fe3fb1da0857819>:0 

NullReferenceException: Object reference not set to an instance of an object
  at HudMenu.Update () [0x00000] in <cfbdefe0564f42c28fe3fb1da0857819>:0 

NullReferenceException: Object reference not set to an instance of an object
  at HudMenu.Update () [0x00000] in <cfbdefe0564f42c28fe3fb1da0857819>:0 

NullReferenceException: Object reference not set to an instance of an object
  at HudMenu.Update () [0x00000] in <cfbdefe0564f42c28fe3fb1da0857819>:0 

NullReferenceException: Object reference not set to an instance of an object
  at HudMenu.Update () [0x00000] in <cfbdefe0564f42c28fe3fb1da0857819>:0 

NullReferenceException: Object reference not set to an instance of an object
  at HudMenu.Update () [0x00000] in <cfbdefe0564f42c28fe3fb1da0857819>:0 

NullReferenceException: Object reference not set to an instance of an object
  at HudMenu.Update () [0x00000] in <cfbdefe0564f42c28fe3fb1da0857819>:0 

NullReferenceException: Object reference not set to an instance of an object
  at HudMenu.Update () [0x00000] in <cfbdefe0564f42c28fe3fb1da0857819>:0 

NullReferenceException: Object reference not set to an instance of an object
  at HudMenu.Update () [0x00000] in <cfbdefe0564f42c28fe3fb1da0857819>:0 

NullReferenceException: Object reference not set to an instance of an object
  at HudMenu.Update () [0x00000] in <cfbdefe0564f42c28fe3fb1da0857819>:0 

NullReferenceException: Object reference not set to an instance of an object
  at HudMenu.Update () [0x00000] in <cfbdefe0564f42c28fe3fb1da0857819>:0 

NullReferenceException: Object reference not set to an instance of an object
  at HudMenu.Update () [0x00000] in <cfbdefe0564f42c28fe3fb1da0857819>:0 

NullReferenceException: Object reference not set to an instance of an object
  at HudMenu.Update () [0x00000] in <cfbdefe0564f42c28fe3fb1da0857819>:0 

NullReferenceException: Object reference not set to an instance of an object
  at HudMenu.Update () [0x00000] in <cfbdefe0564f42c28fe3fb1da0857819>:0 

Setting up 4 worker threads for Enlighten.
Memory Statistics:
[ALLOC_TEMP_TLS] TLS Allocator
  StackAllocators : 
    [ALLOC_TEMP_MAIN]
      Peak usage frame count: [2.0 KB-4.0 KB]: 4 frames, [4.0 KB-8.0 KB]: 166 frames, [4.0 MB-8.0 MB]: 1 frames
      Initial Block Size 4.0 MB
      Current Block Size 4.9 MB
      Peak Allocated Bytes 4.9 MB
      Overflow Count 1
    [ALLOC_TEMP_Background Job.worker 4]
      Initial Block Size 32.0 KB
      Current Block Size 32.0 KB
      Peak Allocated Bytes 0 B
      Overflow Count 0
    [ALLOC_TEMP_Loading.PreloadManager]
      Initial Block Size 256.0 KB
      Current Block Size 256.0 KB
      Peak Allocated Bytes 29.6 KB
      Overflow Count 4
    [ALLOC_TEMP_Background Job.worker 3]
      Initial Block Size 32.0 KB
      Current Block Size 32.0 KB
      Peak Allocated Bytes 0 B
      Overflow Count 0
    [ALLOC_TEMP_Background Job.worker 11]
      Initial Block Size 32.0 KB
      Current Block Size 32.0 KB
      Peak Allocated Bytes 0 B
      Overflow Count 0
    [ALLOC_TEMP_Background Job.worker 7]
      Initial Block Size 32.0 KB
      Current Block Size 32.0 KB
      Peak Allocated Bytes 0 B
      Overflow Count 0
    [ALLOC_TEMP_Background Job.worker 6]
      Initial Block Size 32.0 KB
      Current Block Size 32.0 KB
      Peak Allocated Bytes 0 B
      Overflow Count 0
    [ALLOC_TEMP_Job.worker 11]
      Initial Block Size 256.0 KB
      Current Block Size 256.0 KB
      Peak Allocated Bytes 9.4 KB
      Overflow Count 0
    [ALLOC_TEMP_Background Job.worker 12]
      Initial Block Size 32.0 KB
      Current Block Size 32.0 KB
      Peak Allocated Bytes 0 B
      Overflow Count 0
    [ALLOC_TEMP_Background Job.worker 2]
      Initial Block Size 32.0 KB
      Current Block Size 32.0 KB
      Peak Allocated Bytes 0 B
      Overflow Count 0
    [ALLOC_TEMP_Background Job.worker 9]
      Initial Block Size 32.0 KB
      Current Block Size 32.0 KB
      Peak Allocated Bytes 0 B
      Overflow Count 0
    [ALLOC_TEMP_Job.worker 0]
      Initial Block Size 256.0 KB
      Current Block Size 256.0 KB
      Peak Allocated Bytes 0 B
      Overflow Count 0
    [ALLOC_TEMP_Job.worker 4]
      Initial Block Size 256.0 KB
      Current Block Size 256.0 KB
      Peak Allocated Bytes 9.4 KB
      Overflow Count 0
    [ALLOC_TEMP_Job.worker 5]
      Initial Block Size 256.0 KB
      Current Block Size 256.0 KB
      Peak Allocated Bytes 9.4 KB
      Overflow Count 0
    [ALLOC_TEMP_Job.worker 14]
      Initial Block Size 256.0 KB
      Current Block Size 256.0 KB
      Peak Allocated Bytes 9.4 KB
      Overflow Count 0
    [ALLOC_TEMP_Background Job.worker 10]
      Initial Block Size 32.0 KB
      Current Block Size 32.0 KB
      Peak Allocated Bytes 0 B
      Overflow Count 0
    [ALLOC_TEMP_Job.worker 13]
      Initial Block Size 256.0 KB
      Current Block Size 256.0 KB
      Peak Allocated Bytes 9.4 KB
      Overflow Count 0
    [ALLOC_TEMP_Background Job.worker 1]
      Initial Block Size 32.0 KB
      Current Block Size 32.0 KB
      Peak Allocated Bytes 0 B
      Overflow Count 0
    [ALLOC_TEMP_EnlightenWorker] x 4
      Initial Block Size 64.0 KB
      Current Block Size 64.0 KB
      Peak Allocated Bytes 0 B
      Overflow Count 0
    [ALLOC_TEMP_Job.worker 1]
      Initial Block Size 256.0 KB
      Current Block Size 256.0 KB
      Peak Allocated Bytes 9.4 KB
      Overflow Count 0
    [ALLOC_TEMP_Job.worker 3]
      Initial Block Size 256.0 KB
      Current Block Size 256.0 KB
      Peak Allocated Bytes 9.4 KB
      Overflow Count 0
    [ALLOC_TEMP_Background Job.worker 5]
      Initial Block Size 32.0 KB
      Current Block Size 32.0 KB
      Peak Allocated Bytes 0 B
      Overflow Count 0
    [ALLOC_TEMP_Background Job.worker 8]
      Initial Block Size 32.0 KB
      Current Block Size 32.0 KB
      Peak Allocated Bytes 0 B
      Overflow Count 0
    [ALLOC_TEMP_Job.worker 12]
      Initial Block Size 256.0 KB
      Current Block Size 256.0 KB
      Peak Allocated Bytes 9.4 KB
      Overflow Count 0
    [ALLOC_TEMP_AssetGarbageCollectorHelper] x 15
      Initial Block Size 64.0 KB
      Current Block Size 64.0 KB
      Peak Allocated Bytes 0 B
      Overflow Count 0
    [ALLOC_TEMP_Background Job.worker 13]
      Initial Block Size 32.0 KB
      Current Block Size 32.0 KB
      Peak Allocated Bytes 0 B
      Overflow Count 0
    [ALLOC_TEMP_Background Job.worker 15]
      Initial Block Size 32.0 KB
      Current Block Size 32.0 KB
      Peak Allocated Bytes 0 B
      Overflow Count 0
    [ALLOC_TEMP_Job.worker 2]
      Initial Block Size 256.0 KB
      Current Block Size 256.0 KB
      Peak Allocated Bytes 9.4 KB
      Overflow Count 0
    [ALLOC_TEMP_Job.worker 10]
      Initial Block Size 256.0 KB
      Current Block Size 256.0 KB
      Peak Allocated Bytes 9.4 KB
      Overflow Count 0
    [ALLOC_TEMP_Job.worker 7]
      Initial Block Size 256.0 KB
      Current Block Size 256.0 KB
      Peak Allocated Bytes 9.4 KB
      Overflow Count 0
    [ALLOC_TEMP_Job.worker 9]
      Initial Block Size 256.0 KB
      Current Block Size 256.0 KB
      Peak Allocated Bytes 0 B
      Overflow Count 0
    [ALLOC_TEMP_Background Job.worker 0]
      Initial Block Size 32.0 KB
      Current Block Size 32.0 KB
      Peak Allocated Bytes 0 B
      Overflow Count 0
    [ALLOC_TEMP_Job.worker 6]
      Initial Block Size 256.0 KB
      Current Block Size 256.0 KB
      Peak Allocated Bytes 9.4 KB
      Overflow Count 0
    [ALLOC_TEMP_Job.worker 8]
      Initial Block Size 256.0 KB
      Current Block Size 256.0 KB
      Peak Allocated Bytes 9.4 KB
      Overflow Count 0
    [ALLOC_TEMP_Background Job.worker 14]
      Initial Block Size 32.0 KB
      Current Block Size 32.0 KB
      Peak Allocated Bytes 0 B
      Overflow Count 0
    [ALLOC_TEMP_Loading.AsyncRead]
      Initial Block Size 64.0 KB
      Current Block Size 64.0 KB
      Peak Allocated Bytes 143 B
      Overflow Count 0
    [ALLOC_TEMP_BatchDeleteObjects]
      Initial Block Size 64.0 KB
      Current Block Size 64.0 KB
      Peak Allocated Bytes 0 B
      Overflow Count 0
[ALLOC_DEFAULT] Dual Thread Allocator
  Peak main deferred allocation count 44
    [ALLOC_BUCKET]
      Large Block size 4.0 MB
      Used Block count 1
      Peak Allocated bytes 1.9 MB
    [ALLOC_DEFAULT_MAIN]
      Peak usage frame count: [64.0 MB-128.0 MB]: 171 frames
      Requested Block Size 16.0 MB
      Peak Block count 7
      Peak Allocated memory 115.4 MB
      Peak Large allocation bytes 16.0 MB
    [ALLOC_DEFAULT_THREAD]
      Peak usage frame count: [1.0 MB-2.0 MB]: 171 frames
      Requested Block Size 16.0 MB
      Peak Block count 1
      Peak Allocated memory 1.6 MB
      Peak Large allocation bytes 0 B
[ALLOC_TEMP_JOB_1_FRAME]
  Initial Block Size 2.0 MB
  Used Block Count 1
  Overflow Count (too large) 0
  Overflow Count (full) 0
[ALLOC_TEMP_JOB_2_FRAMES]
  Initial Block Size 2.0 MB
  Used Block Count 0
  Overflow Count (too large) 0
  Overflow Count (full) 0
[ALLOC_TEMP_JOB_4_FRAMES (JobTemp)]
  Initial Block Size 2.0 MB
  Used Block Count 1
  Overflow Count (too large) 0
  Overflow Count (full) 0
[ALLOC_TEMP_JOB_ASYNC (Background)]
  Initial Block Size 1.0 MB
  Used Block Count 1
  Overflow Count (too large) 0
  Overflow Count (full) 0
[ALLOC_GFX] Dual Thread Allocator
  Peak main deferred allocation count 0
    [ALLOC_BUCKET]
      Large Block size 4.0 MB
      Used Block count 1
      Peak Allocated bytes 1.9 MB
    [ALLOC_GFX_MAIN]
      Peak usage frame count: [128.0 KB-256.0 KB]: 171 frames
      Requested Block Size 16.0 MB
      Peak Block count 1
      Peak Allocated memory 174.5 KB
      Peak Large allocation bytes 0 B
    [ALLOC_GFX_THREAD]
      Peak usage frame count: [64.0 KB-128.0 KB]: 171 frames
      Requested Block Size 16.0 MB
      Peak Block count 1
      Peak Allocated memory 83.7 KB
      Peak Large allocation bytes 0 B
[ALLOC_CACHEOBJECTS] Dual Thread Allocator
  Peak main deferred allocation count 0
    [ALLOC_BUCKET]
      Large Block size 4.0 MB
      Used Block count 1
      Peak Allocated bytes 1.9 MB
    [ALLOC_CACHEOBJECTS_MAIN]
      Peak usage frame count: [4.0 MB-8.0 MB]: 170 frames, [32.0 MB-64.0 MB]: 1 frames
      Requested Block Size 4.0 MB
      Peak Block count 5
      Peak Allocated memory 51.1 MB
      Peak Large allocation bytes 32.2 MB
    [ALLOC_CACHEOBJECTS_THREAD]
      Peak usage frame count: [64.0 KB-128.0 KB]: 170 frames, [128.0 KB-256.0 KB]: 1 frames
      Requested Block Size 4.0 MB
      Peak Block count 1
      Peak Allocated memory 222.0 KB
      Peak Large allocation bytes 0 B
[ALLOC_TYPETREE] Dual Thread Allocator
  Peak main deferred allocation count 0
    [ALLOC_BUCKET]
      Large Block size 4.0 MB
      Used Block count 1
      Peak Allocated bytes 1.9 MB
    [ALLOC_TYPETREE_MAIN]
      Peak usage frame count: [0-1.0 KB]: 171 frames
      Requested Block Size 2.0 MB
      Peak Block count 1
      Peak Allocated memory 128 B
      Peak Large allocation bytes 0 B
    [ALLOC_TYPETREE_THREAD]
      Peak usage frame count: [1.0 KB-2.0 KB]: 171 frames
      Requested Block Size 2.0 MB
      Peak Block count 1
      Peak Allocated memory 1.9 KB
      Peak Large allocation bytes 0 B
